[0:0] Requested instruction logging @ 0000000000001000 
[0:0] 0x0000000000001000:  00000297          auipc           t0,0            # 0x1000
    Write x5/t0 = 0000000000001000
[0:0] 0x0000000000000000:  0000              illegal         
[0:0] 0x0000000000001004:  02828613          addi            a2,t0,40
    Write x12/a2 = 0000000000001028
[0:0] 0x0000000000000000:  0000              illegal         
[0:0] 0x0000000000001008:  f1402573          csrrs           a0,mhartid,zero
    Write x10/a0 = 0000000000000000
[0:0] 0x0000000000000000:  0000              illegal         
[0:0] 0x000000000000100c:  0202b583          ld              a1,32(t0)
    Memory Read [0000000000001020] = 00
    Write x11/a1 = 00000000bf000000
[0:0] 0x0000000000000000:  0000              illegal         
[0:0] 0x0000000000001010:  0182b283          ld              t0,24(t0)
    Memory Read [0000000000001018] = 00
    Write x5/t0 = 0000000080000000
[0:0] 0x0000000000000000:  0000              illegal         
[0:0] 0x0000000000001014:  00028067          jr              t0
[0:0] 0x0000000080000000:  01000517          auipc           a0,16777216     # 0x81000000
    Write x10/a0 = 0000000081000000
[0:0] 0x0000000000000000:  0000              illegal         
[0:0] 0x0000000080000004:  00050513          mv              a0,a0
    Write x10/a0 = 0000000081000000
[0:0] 0x0000000000000000:  0000              illegal         
[0:0] 0x0000000080000008:  020002db          cspecialrw      ct0,scr0,cnull
    Write c5/ct0|v:1 s:0 p:00078fff f:0 b:0000000000000000 l:ffffffffffffffff
             |o:0000000080000008 t:000000000003ffff
[0:0] 0x0000000000000000:  0000              illegal         
[0:0] 0x000000008000000c:  20a282db          csetaddr        ct0,ct0,a0
    Write c5/ct0|v:1 s:0 p:00078fff f:0 b:0000000000000000 l:ffffffffffffffff
             |o:0000000081000000 t:000000000003ffff
[0:0] 0x0000000000000000:  0000              illegal         
[0:0] 0x0000000080000010:  0042a2db          csetbounds      ct0,ct0,4
    Write c5/ct0|v:1 s:0 p:00078fff f:0 b:0000000081000000 l:0000000000000004
             |o:0000000000000000 t:000000000003ffff
[0:0] 0x0000000000000000:  0000              illegal         
[0:0] 0x0000000080000014:  4591              addi            a1,zero,4
    Write x11/a1 = 0000000000000004
[0:0] 0x0000000000000000:  0000              illegal         
[0:0] 0x0000000080000016:  1eb2835b          csetoffset      ct1,ct0,a1
    Write c6/ct1|v:1 s:0 p:00078fff f:0 b:0000000081000000 l:0000000000000004
             |o:0000000000000004 t:000000000003ffff
[0:0] 0x0000000000000000:  0000              illegal         
[0:0] 0x000000008000001a:  0043235b          csetbounds      ct1,ct1,4
    Write c6/ct1|v:0 s:0 p:00078fff f:0 b:0000000081000004 l:0000000000000004
             |o:0000000000000000 t:000000000003ffff
[0:0] 0x0000000000000000:  0000              illegal         
Failed capability bounds check: addr=0000000081000000 base=0000000081000000 top=0000000081000004
Got CHERI trap Length Violation caused by register 5
riscv_cpu_do_interrupt: hart:0, async:0, cause:000000000000001c, epc:0x000000008000001e, tval:0x00000000000000a1, desc=cheri_fault
