[0:0] Requested instruction logging @ 0000000000001000 
[0:0] 0x0000000000001000:  00000297          auipc           t0,0            # 0x1000
    Write x5/t0 = 0000000000001000
[0:0] 0x0000000000000000:  0000              illegal         
[0:0] 0x0000000000001004:  02828613          addi            a2,t0,40
    Write x12/a2 = 0000000000001028
[0:0] 0x0000000000000000:  0000              illegal         
[0:0] 0x0000000000001008:  f1402573          csrrs           a0,mhartid,zero
    Write x10/a0 = 0000000000000000
[0:0] 0x0000000000000000:  0000              illegal         
[0:0] 0x000000000000100c:  0202b583          ld              a1,32(t0)
    Memory Read [0000000000001020] = 00
    Write x11/a1 = 00000000bf000000
[0:0] 0x0000000000000000:  0000              illegal         
[0:0] 0x0000000000001010:  0182b283          ld              t0,24(t0)
    Memory Read [0000000000001018] = 00
    Write x5/t0 = 0000000080000000
[0:0] 0x0000000000000000:  0000              illegal         
[0:0] 0x0000000000001014:  00028067          jr              t0
[0:0] 0x0000000000000000:  0000              illegal         
[0:0] 0x0000000080000000:  020002db          cspecialrw      ct0,scr0,cnull
    Write c5/ct0|v:1 s:0 p:00078fff f:0 b:0000000000000000 l:ffffffffffffffff
             |o:0000000080000000 t:000000000003ffff
[0:0] 0x0000000000000000:  0000              illegal         
[0:0] 0x0000000080000004:  0082a2db          csetbounds      ct0,ct0,8
    Write c5/ct0|v:1 s:0 p:00078fff f:0 b:0000000080000000 l:0000000000000008
             |o:0000000000000000 t:000000000003ffff
[0:0] 0x0000000000000000:  0000              illegal         
[0:0] 0x0000000080000008:  fe0285db          cgetperm        a1,ct0
    Write x11/a1 = 0000000000078fff
[0:0] 0x0000000000000000:  0000              illegal         
riscv_cpu_do_interrupt: hart:0, async:0, cause:0000000000000003, epc:0x000000008000000c, tval:0x0000000000000000, desc=breakpoint
