[0:0] Requested instruction logging @ 0000000000001000 
[0:0] 0x0000000000001000:  00000297          auipc           t0,0            # 0x1000
    Write x5/t0 = 0000000000001000
[0:0] 0x0000000000000000:  0000              illegal         
[0:0] 0x0000000000001004:  02828613          addi            a2,t0,40
    Write x12/a2 = 0000000000001028
[0:0] 0x0000000000000000:  0000              illegal         
[0:0] 0x0000000000001008:  f1402573          csrrs           a0,mhartid,zero
    Write x10/a0 = 0000000000000000
[0:0] 0x0000000000000000:  0000              illegal         
[0:0] 0x000000000000100c:  0202b583          ld              a1,32(t0)
    Memory Read [0000000000001020] = 00
    Write x11/a1 = 00000000bf000000
[0:0] 0x0000000000000000:  0000              illegal         
[0:0] 0x0000000000001010:  0182b283          ld              t0,24(t0)
    Memory Read [0000000000001018] = 00
    Write x5/t0 = 0000000080000000
[0:0] 0x0000000000000000:  0000              illegal         
[0:0] 0x0000000000001014:  00028067          jr              t0
[0:0] 0x0000000000000000:  0000              illegal         
[0:0] 0x0000000080000000:  01000517          auipc           a0,16777216     # 0x81000000
    Write x10/a0 = 0000000081000000
[0:0] 0x0000000000000000:  0000              illegal         
[0:0] 0x0000000080000004:  00050513          mv              a0,a0
    Write x10/a0 = 0000000081000000
[0:0] 0x0000000000000000:  0000              illegal         
[0:0] 0x0000000080000008:  020002db          cspecialrw      ct0,scr0,cnull
    Write c5/ct0|v:1 s:0 p:00078fff f:0 b:0000000000000000 l:ffffffffffffffff
             |o:0000000080000008 t:000000000003ffff
[0:0] 0x0000000000000000:  0000              illegal         
[0:0] 0x000000008000000c:  20a282db          csetaddr        ct0,ct0,a0
    Write c5/ct0|v:1 s:0 p:00078fff f:0 b:0000000000000000 l:ffffffffffffffff
             |o:0000000081000000 t:000000000003ffff
[0:0] 0x0000000000000000:  0000              illegal         
[0:0] 0x0000000080000010:  0102a2db          csetbounds      ct0,ct0,16
    Write c5/ct0|v:1 s:0 p:00078fff f:0 b:0000000081000000 l:0000000000000010
             |o:0000000000000000 t:000000000003ffff
[0:0] 0x0000000000000000:  0000              illegal         
[0:0] 0x0000000080000014:  65c1              lui             a1,65536
    Write x11/a1 = 0000000000010000
[0:0] 0x0000000000000000:  0000              illegal         
[0:0] 0x0000000080000016:  35ed              addiw           a1,a1,-5
    Write x11/a1 = 000000000000fffb
[0:0] 0x0000000000000000:  0000              illegal         
[0:0] 0x0000000080000018:  1ab282db          candperm        ct0,ct0,a1
    Write c5/ct0|v:1 s:0 p:00008ffb f:0 b:0000000081000000 l:0000000000000010
             |o:0000000000000000 t:000000000003ffff
[0:0] 0x0000000000000000:  0000              illegal         
[0:0] 0x000000008000001c:  04100613          addi            a2,zero,65
    Write x12/a2 = 0000000000000041
[0:0] 0x0000000000000000:  0000              illegal         
[0:0] 0x0000000080000020:  f8c2845b          illegal         
    Memory Write [0000000081000000] = 41
[0:0] 0x0000000000000000:  0000              illegal         
Got CHERI trap Permit_Load Violation caused by register 5
riscv_cpu_do_interrupt: hart:0, async:0, cause:000000000000001c, epc:0x0000000080000024, tval:0x00000000000000b2, desc=cheri_fault
