[0:0] Requested instruction logging @ 0000000080000000 
[0:0] 0x0000000080000000:  01000517          auipc           a0,16777216     # 0x81000000
    Write x10/a0 = 0000000081000000
[0:0] 0x0000000000000000:  0000              illegal         
[0:0] 0x0000000080000004:  00050513          mv              a0,a0
    Write x10/a0 = 0000000081000000
[0:0] 0x0000000000000000:  0000              illegal         
[0:0] 0x0000000080000008:  020002db          cspecialrw      ct0,scr0,cnull
    Write c5/ct0|v:1 s:0 p:00078fff f:0 b:0000000000000000 l:ffffffffffffffff
             |o:0000000080000008 t:000000000003ffff
[0:0] 0x0000000000000000:  0000              illegal         
[0:0] 0x000000008000000c:  20a282db          csetaddr        ct0,ct0,a0
    Write c5/ct0|v:1 s:0 p:00078fff f:0 b:0000000000000000 l:ffffffffffffffff
             |o:0000000081000000 t:000000000003ffff
[0:0] 0x0000000000000000:  0000              illegal         
[0:0] 0x0000000080000010:  0102a2db          csetbounds      ct0,ct0,16
    Write c5/ct0|v:1 s:0 p:00078fff f:0 b:0000000081000000 l:0000000000000010
             |o:0000000000000000 t:000000000003ffff
[0:0] 0x0000000000000000:  0000              illegal         
[0:0] 0x0000000080000014:  4591              addi            a1,zero,4
    Write x11/a1 = 0000000000000004
[0:0] 0x0000000000000000:  0000              illegal         
[0:0] 0x0000000080000016:  1eb2835b          csetoffset      ct1,ct0,a1
    Write c6/ct1|v:1 s:0 p:00078fff f:0 b:0000000081000000 l:0000000000000010
             |o:0000000000000004 t:000000000003ffff
[0:0] 0x0000000000000000:  0000              illegal         
[0:0] 0x000000008000001a:  0043235b          csetbounds      ct1,ct1,4
    Write c6/ct1|v:1 s:0 p:00078fff f:0 b:0000000081000004 l:0000000000000004
             |o:0000000000000000 t:000000000003ffff
[0:0] 0x0000000000000000:  0000              illegal         
[0:0] 0x000000008000001e:  f862865b          illegal         
    Cap Memory Write [0000000081000000] = v:1 PESBT:ffff000004038000 Cursor:0000000081000004
    Cap Tag Write [0000000081000000/1000000] 0 -> 1
[0:0] 0x0000000000000000:  0000              illegal         
[0:0] 0x0000000080000022:  fbf283db          illegal         
    Cap Memory Read [0000000081000000] = v:1 PESBT:ffff000004038000 Cursor:0000000081000004
    Write c7/ct2|v:1 s:0 p:00078fff f:0 b:0000000081000004 l:0000000000000004
             |o:0000000000000000 t:000000000003ffff
    Cap Tag Read [0000000081000000/1000000] -> 1
[0:0] 0x0000000000000000:  0000              illegal         
[0:0] 0x0000000080000026:  fe42855b          cgettag         a0,ct0
    Write x10/a0 = 0000000000000001
[0:0] 0x0000000000000000:  0000              illegal         
[0:0] 0x000000008000002a:  fe4305db          cgettag         a1,ct1
    Write x11/a1 = 0000000000000001
[0:0] 0x0000000000000000:  0000              illegal         
[0:0] 0x000000008000002e:  fe43865b          cgettag         a2,ct2
    Write x12/a2 = 0000000000000001
