[0:0] Requested instruction logging @ 0000000000001000 
[0:0] 0x0000000000001000:  00000297          auipc           t0,0            # 0x1000
    Write x5/t0 = 0000000000001000
[0:0] 0x0000000000000000:  0000              illegal         
[0:0] 0x0000000000001004:  02828613          addi            a2,t0,40
    Write x12/a2 = 0000000000001028
[0:0] 0x0000000000000000:  0000              illegal         
[0:0] 0x0000000000001008:  f1402573          csrrs           a0,mhartid,zero
    Write x10/a0 = 0000000000000000
[0:0] 0x0000000000000000:  0000              illegal         
[0:0] 0x000000000000100c:  0202b583          ld              a1,32(t0)
    Memory Read [0000000000001020] = 00
    Write x11/a1 = 00000000bf000000
[0:0] 0x0000000000000000:  0000              illegal         
[0:0] 0x0000000000001010:  0182b283          ld              t0,24(t0)
    Memory Read [0000000000001018] = 00
    Write x5/t0 = 0000000080000000
[0:0] 0x0000000000000000:  0000              illegal         
[0:0] 0x0000000000001014:  00028067          jr              t0
[0:0] 0x0000000000000000:  0000              illegal         
[0:0] 0x0000000080000000:  01000517          auipc           a0,16777216     # 0x81000000
    Write x10/a0 = 0000000081000000
[0:0] 0x0000000000000000:  0000              illegal         
[0:0] 0x0000000080000004:  00050513          mv              a0,a0
    Write x10/a0 = 0000000081000000
[0:0] 0x0000000000000000:  0000              illegal         
[0:0] 0x0000000080000008:  f14025f3          csrrs           a1,mhartid,zero
    Write x11/a1 = 0000000000000000
[0:0] 0x0000000000000000:  0000              illegal         
[0:0] 0x000000008000000c:  4281              mv              t0,zero
    Write x5/t0 = 0000000000000000
[0:0] 0x0000000000000000:  0000              illegal         
[0:0] 0x000000008000000e:  00558363          beq             a1,t0,6         # 0x80000014
[0:0] 0x0000000000000000:  0000              illegal         
[0:0] 0x0000000080000014:  020002db          cspecialrw      ct0,scr0,cnull
    Write c5/ct0|v:1 s:0 p:00078fff f:0 b:0000000000000000 l:ffffffffffffffff
             |o:0000000080000014 t:000000000003ffff
[0:0] 0x0000000000000000:  0000              illegal         
[0:0] 0x0000000080000018:  20a282db          csetaddr        ct0,ct0,a0
    Write c5/ct0|v:1 s:0 p:00078fff f:0 b:0000000000000000 l:ffffffffffffffff
             |o:0000000081000000 t:000000000003ffff
[0:0] 0x0000000000000000:  0000              illegal         
[0:0] 0x000000008000001c:  0102a2db          csetbounds      ct0,ct0,16
    Write c5/ct0|v:1 s:0 p:00078fff f:0 b:0000000081000000 l:0000000000000010
             |o:0000000000000000 t:000000000003ffff
[0:0] 0x0000000000000000:  0000              illegal         
[0:0] 0x0000000080000020:  0200035b          cspecialrw      ct1,scr0,cnull
    Write c6/ct1|v:1 s:0 p:00078fff f:0 b:0000000000000000 l:ffffffffffffffff
             |o:0000000080000020 t:000000000003ffff
[0:0] 0x0000000000000000:  0000              illegal         
[0:0] 0x0000000080000024:  0103235b          csetbounds      ct1,ct1,16
    Write c6/ct1|v:1 s:0 p:00078fff f:0 b:0000000080000020 l:0000000000000010
             |o:0000000000000000 t:000000000003ffff
[0:0] 0x0000000000000000:  0000              illegal         
[0:0] 0x0000000080000028:  f862865b          illegal         
    Cap Memory Write [0000000081000000] = v:1 PESBT:ffff0000040d8024 Cursor:0000000080000020
    Cap Tag Write [0000000081000000/1000000] 0 -> 1
[0:0] 0x0000000000000000:  0000              illegal         
riscv_cpu_do_interrupt: hart:0, async:0, cause:0000000000000003, epc:0x000000008000002c, tval:0x0000000000000000, desc=breakpoint
[0:0] 0x000000008000002c:  9002              ebreak          
-> Switch to Machine mode
-> Exception #3 vector 0x0000000000000000 fault-addr 0x0000000000000000
    Write mstatus = 0000000a00001800
    Write mcause = 0000000000000003
    Write MEPCC|v:1 s:0 p:00078fff f:0 b:0000000000000000 l:ffffffffffffffff
             |o:000000008000002c t:000000000003ffff
    Write mbadaddr = 0000000000000000
    Write mtval2 = 0000000000000000
    Write PCC|v:1 s:0 p:00078fff f:0 b:0000000000000000 l:ffffffffffffffff
             |o:0000000000000000 t:000000000003ffff
[1:0] Requested instruction logging @ 0000000000001000 
[1:0] 0x0000000000001000:  00000297          auipc           t0,0            # 0x1000
    Write x5/t0 = 0000000000001000
[1:0] 0x0000000000000000:  0000              illegal         
[1:0] 0x0000000000001004:  02828613          addi            a2,t0,40
    Write x12/a2 = 0000000000001028
[1:0] 0x0000000000000000:  0000              illegal         
[1:0] 0x0000000000001008:  f1402573          csrrs           a0,mhartid,zero
    Write x10/a0 = 0000000000000001
[1:0] 0x0000000000000000:  0000              illegal         
[1:0] 0x000000000000100c:  0202b583          ld              a1,32(t0)
    Memory Read [0000000000001020] = 00
    Write x11/a1 = 00000000bf000000
[1:0] 0x0000000000000000:  0000              illegal         
[1:0] 0x0000000000001010:  0182b283          ld              t0,24(t0)
    Memory Read [0000000000001018] = 00
    Write x5/t0 = 0000000080000000
[1:0] 0x0000000000000000:  0000              illegal         
[1:0] 0x0000000000001014:  00028067          jr              t0
[1:0] 0x0000000000000000:  0000              illegal         
[1:0] 0x0000000080000000:  01000517          auipc           a0,16777216     # 0x81000000
    Write x10/a0 = 0000000081000000
[1:0] 0x0000000000000000:  0000              illegal         
[1:0] 0x0000000080000004:  00050513          mv              a0,a0
    Write x10/a0 = 0000000081000000
[1:0] 0x0000000000000000:  0000              illegal         
[1:0] 0x0000000080000008:  f14025f3          csrrs           a1,mhartid,zero
    Write x11/a1 = 0000000000000001
[1:0] 0x0000000000000000:  0000              illegal         
[1:0] 0x000000008000000c:  4281              mv              t0,zero
    Write x5/t0 = 0000000000000000
[1:0] 0x0000000000000000:  0000              illegal         
[1:0] 0x000000008000000e:  00558363          beq             a1,t0,6         # 0x80000014
[1:0] 0x0000000000000000:  0000              illegal         
[1:0] 0x0000000080000012:  a831              j               28              # 0x8000002e
[1:0] 0x0000000000000000:  0000              illegal         
[1:0] 0x000000008000002e:  020002db          cspecialrw      ct0,scr0,cnull
    Write c5/ct0|v:1 s:0 p:00078fff f:0 b:0000000000000000 l:ffffffffffffffff
             |o:000000008000002e t:000000000003ffff
[1:0] 0x0000000000000000:  0000              illegal         
[1:0] 0x0000000080000032:  20a282db          csetaddr        ct0,ct0,a0
    Write c5/ct0|v:1 s:0 p:00078fff f:0 b:0000000000000000 l:ffffffffffffffff
             |o:0000000081000000 t:000000000003ffff
[1:0] 0x0000000000000000:  0000              illegal         
[1:0] 0x0000000080000036:  0102a2db          csetbounds      ct0,ct0,16
    Write c5/ct0|v:1 s:0 p:00078fff f:0 b:0000000081000000 l:0000000000000010
             |o:0000000000000000 t:000000000003ffff
[1:0] 0x0000000000000000:  0000              illegal         
[1:0] 0x000000008000003a:  fe43055b          cgettag         a0,ct1
    Write x10/a0 = 0000000000000000
[1:0] 0x0000000000000000:  0000              illegal         
[1:0] 0x000000008000003e:  fbf2835b          illegal         
    Cap Memory Read [0000000081000000] = v:1 PESBT:ffff0000040d8024 Cursor:0000000080000020
    Write c6/ct1|v:1 s:0 p:00078fff f:0 b:0000000080000020 l:0000000000000010
             |o:0000000000000000 t:000000000003ffff
    Cap Tag Read [0000000081000000/1000000] -> 1
[1:0] 0x0000000000000000:  0000              illegal         
[1:0] 0x0000000080000042:  fe4305db          cgettag         a1,ct1
    Write x11/a1 = 0000000000000001
[1:0] 0x0000000000000000:  0000              illegal         
riscv_cpu_do_interrupt: hart:1, async:0, cause:0000000000000003, epc:0x0000000080000046, tval:0x0000000000000000, desc=breakpoint
[1:0] 0x0000000080000046:  9002              ebreak          
-> Switch to Machine mode
-> Exception #3 vector 0x0000000000000000 fault-addr 0x0000000000000000
    Write mstatus = 0000000a00001800
    Write mcause = 0000000000000003
    Write MEPCC|v:1 s:0 p:00078fff f:0 b:0000000000000000 l:ffffffffffffffff
             |o:0000000080000046 t:000000000003ffff
    Write mbadaddr = 0000000000000000
    Write mtval2 = 0000000000000000
    Write PCC|v:1 s:0 p:00078fff f:0 b:0000000000000000 l:ffffffffffffffff
             |o:0000000000000000 t:000000000003ffff
