[0:0] Requested instruction logging @ 0000000000001000 
[0:0] 0x0000000000001000:  00000297          auipc           t0,0            # 0x1000
    Write x5/t0 = 0000000000001000
[0:0] 0x0000000000000000:  0000              illegal         
[0:0] 0x0000000000001004:  02828613          addi            a2,t0,40
    Write x12/a2 = 0000000000001028
[0:0] 0x0000000000000000:  0000              illegal         
[0:0] 0x0000000000001008:  f1402573          csrrs           a0,mhartid,zero
    Write x10/a0 = 0000000000000000
[0:0] 0x0000000000000000:  0000              illegal         
[0:0] 0x000000000000100c:  0202b583          ld              a1,32(t0)
    Memory Read [0000000000001020] = 00
    Write x11/a1 = 00000000bf000000
[0:0] 0x0000000000000000:  0000              illegal         
[0:0] 0x0000000000001010:  0182b283          ld              t0,24(t0)
    Memory Read [0000000000001018] = 00
    Write x5/t0 = 0000000080000000
[0:0] 0x0000000000000000:  0000              illegal         
[0:0] 0x0000000000001014:  00028067          jr              t0
[0:0] 0x0000000000000000:  0000              illegal         
[0:0] 0x0000000080000000:  01000517          auipc           a0,16777216     # 0x81000000
    Write x10/a0 = 0000000081000000
[0:0] 0x0000000000000000:  0000              illegal         
[0:0] 0x0000000080000004:  00050513          mv              a0,a0
    Write x10/a0 = 0000000081000000
[0:0] 0x0000000000000000:  0000              illegal         
[0:0] 0x0000000080000008:  020002db          cspecialrw      ct0,scr0,cnull
    Write c5/ct0|v:1 s:0 p:00078fff f:0 b:0000000000000000 l:ffffffffffffffff
             |o:0000000080000008 t:000000000003ffff
[0:0] 0x0000000000000000:  0000              illegal         
[0:0] 0x000000008000000c:  20a282db          csetaddr        ct0,ct0,a0
    Write c5/ct0|v:1 s:0 p:00078fff f:0 b:0000000000000000 l:ffffffffffffffff
             |o:0000000081000000 t:000000000003ffff
[0:0] 0x0000000000000000:  0000              illegal         
[0:0] 0x0000000080000010:  0012a2db          csetbounds      ct0,ct0,1
    Write c5/ct0|v:1 s:0 p:00078fff f:0 b:0000000081000000 l:0000000000000001
             |o:0000000000000000 t:000000000003ffff
[0:0] 0x0000000000000000:  0000              illegal         
[0:0] 0x0000000080000014:  04100593          addi            a1,zero,65
    Write x11/a1 = 0000000000000041
[0:0] 0x0000000000000000:  0000              illegal         
[0:0] 0x0000000080000018:  f8b2845b          illegal         
    Memory Write [0000000081000000] = 41
[0:0] 0x0000000000000000:  0000              illegal         
[0:0] 0x000000008000001c:  fa82865b          illegal         
    Memory Read [0000000081000000] = 41
    Write x12/a2 = 0000000000000041
[0:0] 0x0000000000000000:  0000              illegal         
[0:0] 0x0000000080000020:  100006b7          lui             a3,268435456
    Write x13/a3 = 0000000010000000
[0:0] 0x0000000000000000:  0000              illegal         
[0:0] 0x0000000080000024:  0200035b          cspecialrw      ct1,scr0,cnull
    Write c6/ct1|v:1 s:0 p:00078fff f:0 b:0000000000000000 l:ffffffffffffffff
             |o:0000000080000024 t:000000000003ffff
[0:0] 0x0000000000000000:  0000              illegal         
[0:0] 0x0000000080000028:  20d3035b          csetaddr        ct1,ct1,a3
    Write c6/ct1|v:1 s:0 p:00078fff f:0 b:0000000000000000 l:ffffffffffffffff
             |o:0000000010000000 t:000000000003ffff
[0:0] 0x0000000000000000:  0000              illegal         
[0:0] 0x000000008000002c:  0013235b          csetbounds      ct1,ct1,1
    Write c6/ct1|v:1 s:0 p:00078fff f:0 b:0000000010000000 l:0000000000000001
             |o:0000000000000000 t:000000000003ffff
[0:0] 0x0000000000000000:  0000              illegal         
[0:0] 0x0000000080000030:  f8c3045b          illegal         
    Memory Write [0000000010000000] = 41
[0:0] 0x0000000000000000:  0000              illegal         
[0:0] 0x0000000080000034:  02000713          addi            a4,zero,32
    Write x14/a4 = 0000000000000020
[0:0] 0x0000000000000000:  0000              illegal         
[0:0] 0x0000000080000038:  f8e3045b          illegal         
    Memory Write [0000000010000000] = 20
[0:0] 0x0000000000000000:  0000              illegal         
[0:0] 0x000000008000003c:  fe4307db          cgettag         a5,ct1
    Write x15/a5 = 0000000000000001
[0:0] 0x0000000000000000:  0000              illegal         
[0:0] 0x0000000080000040:  03078793          addi            a5,a5,48
    Write x15/a5 = 0000000000000031
[0:0] 0x0000000000000000:  0000              illegal         
[0:0] 0x0000000080000044:  f8f3045b          illegal         
    Memory Write [0000000010000000] = 31
[0:0] 0x0000000000000000:  0000              illegal         
riscv_cpu_do_interrupt: hart:0, async:0, cause:0000000000000003, epc:0x0000000080000048, tval:0x0000000000000000, desc=breakpoint
[0:0] 0x0000000080000048:  9002              ebreak          
-> Switch to Machine mode
-> Exception #3 vector 0x0000000000000000 fault-addr 0x0000000000000000
    Write mstatus = 0000000a00001800
    Write mcause = 0000000000000003
    Write MEPCC|v:1 s:0 p:00078fff f:0 b:0000000000000000 l:ffffffffffffffff
             |o:0000000080000048 t:000000000003ffff
    Write mbadaddr = 0000000000000000
    Write mtval2 = 0000000000000000
    Write PCC|v:1 s:0 p:00078fff f:0 b:0000000000000000 l:ffffffffffffffff
             |o:0000000000000000 t:000000000003ffff
