[0:0] Requested instruction logging @ 80000000 
[0:0] 0x80000000:  81000537          lui             a0,-2130706432
    Write x10/a0 = 81000000
[0:0] 0x00000000:  0000              illegal         
[0:0] 0x80000004:  00050513          mv              a0,a0
    Write x10/a0 = 81000000
[0:0] 0x00000000:  0000              illegal         
[0:0] 0x80000008:  020002db          cspecialrw      ct0,scr0,cnull
             |o:80000008 t:0000000f
[0:0] 0x00000000:  0000              illegal         
[0:0] 0x8000000c:  20a282db          csetaddr        ct0,ct0,a0
    Write c5/ct0|v:1 s:0 p:00000fff f:0 b:00000000 l:ffffffff
             |o:81000000 t:0000000f
[0:0] 0x00000000:  0000              illegal         
[0:0] 0x80000010:  0042a2db          csetbounds      ct0,ct0,4
    Write c5/ct0|v:1 s:0 p:00000fff f:0 b:81000000 l:00000004
             |o:00000000 t:0000000f
[0:0] 0x00000000:  0000              illegal         
[0:0] 0x80000014:  00400593          addi            a1,zero,4
    Write x11/a1 = 00000004
[0:0] 0x00000000:  0000              illegal         
[0:0] 0x80000018:  1eb2835b          csetoffset      ct1,ct0,a1
    Write c6/ct1|v:1 s:0 p:00000fff f:0 b:81000000 l:00000004
             |o:00000004 t:0000000f
[0:0] 0x00000000:  0000              illegal         
[0:0] 0x8000001c:  0043235b          csetbounds      ct1,ct1,4
    Write c6/ct1|v:0 s:0 p:00000fff f:0 b:81000004 l:00000004
             |o:00000000 t:0000000f
[0:0] 0x00000000:  0000              illegal         
Failed capability bounds check: addr=81000000 base=81000000 top=81000004
Got CHERI trap Length Violation caused by register 5
riscv_cpu_do_interrupt: hart:0, async:0, cause:0000001c, epc:0x80000020, tval:0x000000a1, desc=cheri_fault