[0:0] Requested instruction logging @ 80000000 
[0:0] 0x80000000:  81000537          lui             a0,-2130706432
    Write x10/a0 = 81000000
[0:0] 0x00000000:  0000              illegal         
[0:0] 0x80000004:  00050513          mv              a0,a0
    Write x10/a0 = 81000000
[0:0] 0x00000000:  0000              illegal         
[0:0] 0x80000008:  020002db          cspecialrw      ct0,scr0,cnull
    Write c5/ct0|v:1 s:0 p:00000fff f:0 b:00000000 l:ffffffff
             |o:80000008 t:0000000f
[0:0] 0x00000000:  0000              illegal         
[0:0] 0x8000000c:  20a282db          csetaddr        ct0,ct0,a0
    Write c5/ct0|v:1 s:0 p:00000fff f:0 b:00000000 l:ffffffff
             |o:81000000 t:0000000f
[0:0] 0x00000000:  0000              illegal         
[0:0] 0x80000010:  0082a2db          csetbounds      ct0,ct0,8
    Write c5/ct0|v:1 s:0 p:00000fff f:0 b:81000000 l:00000008
             |o:00000000 t:0000000f
[0:0] 0x00000000:  0000              illegal         
[0:0] 0x80000014:  000106b7          lui             a3,65536
    Write x13/a3 = 00010000
[0:0] 0x00000000:  0000              illegal         
[0:0] 0x80000018:  ffb68693          addi            a3,a3,-5
    Write x13/a3 = 0000fffb
[0:0] 0x00000000:  0000              illegal         
[0:0] 0x8000001c:  1ad282db          candperm        ct0,ct0,a3
    Write c5/ct0|v:1 s:0 p:00000ffb f:0 b:81000000 l:00000008
             |o:00000000 t:0000000f
[0:0] 0x00000000:  0000              illegal         
[0:0] 0x80000020:  04100593          addi            a1,zero,65
    Write x11/a1 = 00000041
[0:0] 0x00000000:  0000              illegal         
[0:0] 0x80000024:  f8b2845b          illegal         
    Memory Write [81000000] = 41
[0:0] 0x00000000:  0000              illegal         
Got CHERI trap Permit_Load Violation caused by register 5
riscv_cpu_do_interrupt: hart:0, async:0, cause:0000001c, epc:0x80000028, tval:0x000000b2, desc=cheri_fault
