[0:0] Requested instruction logging @ 80000000 
[0:0] 0x80000000:  81000537          lui             a0,-520192
  x10/a0 <- 81000000 (setting integer value)
[0:0] 0x80000004:  00050513          mv              a0,a0
  x10/a0 <- 81000000 (setting integer value)
[0:0] 0x80000008:  00000297          auipcc          ct0,0           # 0x80000008
    Write c5/ct0|v:1 sdp:3 m:0 ap:3f cl:0 ct:0 b:00000000 a:80000008 t:ffffffff
[0:0] 0x8000000c:  0ca292b3          scaddr          ct0,ct0,a0
    Write c5/ct0|v:1 sdp:3 m:0 ap:3f cl:0 ct:0 b:00000000 a:81000000 t:ffffffff
[0:0] 0x80000010:  0482d293          scbdsi          ct0,ct0,8
    Write c5/ct0|v:1 sdp:3 m:0 ap:3f cl:0 ct:0 b:81000000 a:81000000 t:81000008
[0:0] 0x80000014:  04100593          addi            a1,zero,65
  x11/a1 <- 00000041 (setting integer value)
[0:0] 0x80000018:  00b28023          sb              a1,0(ct0)
    Memory Write [81000000] = 41
[0:0] 0x8000001c:  00028603          clb             a2,0(ct0)
    Memory Read [81000000] = 41
  x12/a2 <- 00000041 (setting integer value)
[0:0] 0x80000020:  100006b7          lui             a3,65536
  x13/a3 <- 10000000 (setting integer value)
[0:0] 0x80000024:  00000317          auipcc          ct1,0           # 0x80000024
    Write c6/ct1|v:1 sdp:3 m:0 ap:3f cl:0 ct:0 b:00000000 a:80000024 t:ffffffff
[0:0] 0x80000028:  0cd31333          scaddr          ct1,ct1,a3
    Write c6/ct1|v:1 sdp:3 m:0 ap:3f cl:0 ct:0 b:00000000 a:10000000 t:ffffffff
[0:0] 0x8000002c:  04835313          scbdsi          ct1,ct1,8
    Write c6/ct1|v:1 sdp:3 m:0 ap:3f cl:0 ct:0 b:10000000 a:10000000 t:10000008
[0:0] 0x80000030:  00c30023          sb              a2,0(ct1)
    Memory Write [10000000] = 41
[0:0] 0x80000034:  02000713          addi            a4,zero,32
  x14/a4 <- 00000020 (setting integer value)
[0:0] 0x80000038:  00e30023          sb              a4,0(ct1)
    Memory Write [10000000] = 20
[0:0] 0x8000003c:  100307b3          gctag           a5,ct1
  x15/a5 <- 00000001 (setting integer value)
[0:0] 0x80000040:  03078793          addi            a5,a5,48
  x15/a5 <- 00000031 (setting integer value)
