[0:0] Requested instruction logging @ 80000000 
[0:0] 0x80000000:  f1402573          csrrs           a0,mhartid,zero
  x10/a0 <- 00000000 (setting integer value)
[0:0] 0x80000004:  00000293          mv              t0,zero
  x5/t0 <- 00000000 (setting integer value)
[0:0] 0x80000008:  00550463          beq             a0,t0,8         # 0x80000010
[1:0] Requested instruction logging @ 00001000 
[1:0] 0x00001000:  00000297          auipcc          ct0,0           # 0x1000
    Write c5/ct0|v:1 sdp:3 m:0 ap:3f cl:0 ct:0 b:00000000 a:00001000 t:ffffffff
[1:0] 0x00001004:  0002a61b          caddi           ca2,ct0,0
    Write c12/ca2|v:1 sdp:3 m:0 ap:3f cl:0 ct:0 b:00000000 a:00001000 t:ffffffff
[0:0] 0x80000010:  81000537          lui             a0,-520192
  x10/a0 <- 81000000 (setting integer value)
[0:0] 0x80000014:  00050513          mv              a0,a0
  x10/a0 <- 81000000 (setting integer value)
[0:0] 0x80000018:  00000297          auipcc          ct0,0           # 0x80000018
    Write c5/ct0|v:1 sdp:3 m:0 ap:3f cl:0 ct:0 b:00000000 a:80000018 t:ffffffff
[0:0] 0x8000001c:  0ca292b3          scaddr          ct0,ct0,a0
    Write c5/ct0|v:1 sdp:3 m:0 ap:3f cl:0 ct:0 b:00000000 a:81000000 t:ffffffff
[0:0] 0x80000020:  0482d293          scbdsi          ct0,ct0,8
    Write c5/ct0|v:1 sdp:3 m:0 ap:3f cl:0 ct:0 b:81000000 a:81000000 t:81000008
[0:0] 0x80000024:  0c028333          cadd            ct1,ct0,zero
    Write c6/ct1|v:1 sdp:3 m:0 ap:3f cl:0 ct:0 b:81000000 a:81000000 t:81000008
[1:0] 0x00001008:  f1402573          csrrs           a0,mhartid,zero
  x10/a0 <- 00000001 (setting integer value)
[1:0] 0x0000100c:  0202a583          clw             a1,32(ct0)
    Memory Read [00001020] = 80000000
  x11/a1 <- 80000000 (setting integer value)
[1:0] 0x00001010:  0cb295b3          scaddr          ca1,ct0,a1
    Write c11/ca1|v:1 sdp:3 m:0 ap:3f cl:0 ct:0 b:00000000 a:80000000 t:ffffffff
[1:0] 0x00001014:  0182a283          clw             t0,24(ct0)
    Memory Read [00001018] = 0c7292b3
  x5/t0 <- 0c7292b3 (setting integer value)
[1:0] 0x00001018:  0c7292b3          scaddr          ct0,ct0,t2
    Write c5/ct0|v:0 sdp:0 m:0 ap: 0 cl:0 ct:0 b:00000000 a:00000000 t:ffffffff
[0:0] 0x80000028:  0043231b          caddi           ct1,ct1,4
    Write c6/ct1|v:1 sdp:3 m:0 ap:3f cl:0 ct:0 b:81000000 a:81000004 t:81000008
[0:0] 0x8000002c:  04435313          scbdsi          ct1,ct1,4
    Write c6/ct1|v:1 sdp:3 m:0 ap:3f cl:0 ct:0 b:81000004 a:81000004 t:81000008
[0:0] 0x80000030:  0062c023          sq              t1,0(t0)
    Cap Memory Write [81000000] = v:1 PESBT:d0082004 Cursor:81000004
    Cap Tag Write [81000000/1000000] 0 -> 1
[1:0] 0x0000101c:  00028067          jr              t0
-> Switch to Machine mode
-> Exception #1 vector 0x00000000 fault-addr 0x00000000
    Write mstatus = 00001800
    Write mcause = 0000001c
    Write mepcc|v:1 sdp:3 m:0 ap:3f cl:0 ct:0 b:00000000 a:0000101c t:ffffffff
    Write mtval = 00000000
    Write mtval2 = 00020000
restore_state_to_opc: Updating pc from TB: 0000100c -> 0000101c
Got CHERI trap Tag Violation type Branch Violation, caused by register 5
    Write PCC|v:1 sdp:3 m:0 ap:3f cl:0 ct:0 b:00000000 a:00000000 t:ffffffff
    Write PCC|v:1 sdp:3 m:0 ap:3f cl:0 ct:0 b:00000000 a:00000000 t:ffffffff
    Write PCC|v:1 sdp:3 m:0 ap:3f cl:0 ct:0 b:00000000 a:00000000 t:ffffffff
    Write PCC|v:1 sdp:3 m:0 ap:3f cl:0 ct:0 b:00000000 a:00000000 t:ffffffff
    Write PCC|v:1 sdp:3 m:0 ap:3f cl:0 ct:0 b:00000000 a:00000000 t:ffffffff
    Write PCC|v:1 sdp:3 m:0 ap:3f cl:0 ct:0 b:00000000 a:00000000 t:ffffffff
[1:0] 0x80000000:  f1402573          csrrs           a0,mhartid,zero
  x10/a0 <- 00000001 (setting integer value)
[1:0] 0x80000004:  00000293          mv              t0,zero
  x5/t0 <- 00000000 (setting integer value)
[1:0] 0x80000008:  00550463          beq             a0,t0,8         # 0x80000010
[1:0] 0x8000000c:  02c0006f          j               44              # 0x80000038
[1:0] 0x80000038:  81000537          lui             a0,-520192
  x10/a0 <- 81000000 (setting integer value)
[1:0] 0x8000003c:  00050513          mv              a0,a0
  x10/a0 <- 81000000 (setting integer value)
[1:0] 0x80000040:  00000297          auipcc          ct0,0           # 0x80000040
    Write c5/ct0|v:1 sdp:3 m:0 ap:3f cl:0 ct:0 b:00000000 a:80000040 t:ffffffff
[1:0] 0x80000044:  0ca292b3          scaddr          ct0,ct0,a0
    Write c5/ct0|v:1 sdp:3 m:0 ap:3f cl:0 ct:0 b:00000000 a:81000000 t:ffffffff
[1:0] 0x80000048:  0482d293          scbdsi          ct0,ct0,8
    Write c5/ct0|v:1 sdp:3 m:0 ap:3f cl:0 ct:0 b:81000000 a:81000000 t:81000008
[1:0] 0x8000004c:  10030533          gctag           a0,ct1
  x10/a0 <- 00000000 (setting integer value)
[1:0] 0x80000050:  0002c30f          lq              t1,0(t0)
    Cap Memory Read [81000000] = v:1 PESBT:d0082004 Cursor:81000004
    Write c6/ct1|v:1 sdp:3 m:0 ap:3f cl:0 ct:0 b:81000004 a:81000004 t:81000008
    Cap Tag Read [81000000/1000000] -> 1
