[0:0] Requested instruction logging @ 80000000 
[0:0] 0x80000000:  81000537          lui             a0,-520192
  x10/a0 <- 81000000 (setting integer value)
[0:0] 0x80000004:  00050513          mv              a0,a0
  x10/a0 <- 81000000 (setting integer value)
[0:0] 0x80000008:  00000297          auipcc          ct0,0           # 0x80000008
    Write c5/ct0|v:1 sdp:3 m:0 ap:3f cl:0 ct:0 b:00000000 a:80000008 t:ffffffff
[0:0] 0x8000000c:  0ca292b3          scaddr          ct0,ct0,a0
    Write c5/ct0|v:1 sdp:3 m:0 ap:3f cl:0 ct:0 b:00000000 a:81000000 t:ffffffff
[0:0] 0x80000010:  0482d293          scbdsi          ct0,ct0,8
    Write c5/ct0|v:1 sdp:3 m:0 ap:3f cl:0 ct:0 b:81000000 a:81000000 t:81000008
[0:0] 0x80000014:  0c028333          cadd            ct1,ct0,zero
    Write c6/ct1|v:1 sdp:3 m:0 ap:3f cl:0 ct:0 b:81000000 a:81000000 t:81000008
[0:0] 0x80000018:  0062c023          sq              t1,0(t0)
    Cap Memory Write [81000000] = v:1 PESBT:d0082000 Cursor:81000000
    Cap Tag Write [81000000/1000000] 0 -> 1
[0:0] 0x8000001c:  0002c38f          lq              t2,0(t0)
    Cap Memory Read [81000000] = v:1 PESBT:d0082000 Cursor:81000000
    Write c7/ct2|v:1 sdp:3 m:0 ap:3f cl:0 ct:0 b:81000000 a:81000000 t:81000008
    Cap Tag Read [81000000/1000000] -> 1
[0:0] 0x80000020:  10028533          gctag           a0,ct0
  x10/a0 <- 00000001 (setting integer value)
[0:0] 0x80000024:  100305b3          gctag           a1,ct1
  x11/a1 <- 00000001 (setting integer value)
[0:0] 0x80000028:  10038633          gctag           a2,ct2
  x12/a2 <- 00000001 (setting integer value)
