[0:0] auipc           a0,16777216     # 0x81000000
    Write x10/a0 = 0000000081000000
[0:0] mv              a0,a0
    Write x10/a0 = 0000000081000000
[0:0] cspecialrw      ct0,scr0,cnull
    Write c5/ct0|v:1 s:0 p:00078fff f:0 b:0000000000000000 l:ffffffffffffffff
             |o:0000000080000008 t:000000000003ffff
[0:0] csetaddr        ct0,ct0,a0
    Write c5/ct0|v:1 s:0 p:00078fff f:0 b:0000000000000000 l:ffffffffffffffff
             |o:0000000081000000 t:000000000003ffff
[0:0] csetbounds      ct0,ct0,1
    Write c5/ct0|v:1 s:0 p:00078fff f:0 b:0000000081000000 l:0000000000000001
             |o:0000000000000000 t:000000000003ffff
[0:0] lui             a1,65536
    Write x11/a1 = 0000000000010000
[0:0] addiw           a1,a1,-5
    Write x11/a1 = 000000000000fffb
[0:0] candperm        ct0,ct0,a1
    Write c5/ct0|v:1 s:0 p:00008ffb f:0 b:0000000081000000 l:0000000000000001
             |o:0000000000000000 t:000000000003ffff
[0:0] cgetperm        a4,ct0
    Write x14/a4 = 0000000000008ffb
[0:0] addi            a2,zero,65
    Write x12/a2 = 0000000000000041
[0:0] f8c2845b  illegal     # sb.cap   a2, 0(ct0)   
    Memory Write [0000000081000000] = 41
Got CHERI trap Permit_Load Violation caused by register 5
riscv_cpu_do_interrupt: hart:0, async:0, cause:000000000000001c, epc:0x0000000080000028, tval:0x00000000000000b2, desc=cheri_fault
