[0:0] auipc           a0,16777216     # 0x81000000
    Write x10/a0 = 0000000081000000
[0:0] mv              a0,a0
    Write x10/a0 = 0000000081000000
[0:0] cspecialrw      ct0,scr0,cnull
    Write c5/ct0|v:1 s:0 p:00078fff f:0 b:0000000000000000 l:ffffffffffffffff
             |o:0000000080000008 t:000000000003ffff
[0:0] csetaddr        ct0,ct0,a0
    Write c5/ct0|v:1 s:0 p:00078fff f:0 b:0000000000000000 l:ffffffffffffffff
             |o:0000000081000000 t:000000000003ffff
[0:0] csetbounds      ct0,ct0,1
    Write c5/ct0|v:1 s:0 p:00078fff f:0 b:0000000081000000 l:0000000000000001
             |o:0000000000000000 t:000000000003ffff
[0:0] 0x0000000080000014:  04100593          addi            a1,zero,65
    Write x11/a1 = 0000000000000041
[0:0] 0x0000000080000018:  f8b2845b          illegal    # sb.cap    a1, 0(ct0)         
    Memory Write [0000000081000000] = 41
[0:0] 0x000000008000001c:  fa82865b          illegal   # lb.cap     a2, 0(ct0)     
    Memory Read [0000000081000000] = 41
    Write x12/a2 = 0000000000000041
[0:0] lui             a3,268435456
    Write x13/a3 = 0000000010000000
[0:0] cspecialrw      ct1,scr0,cnull
    Write c6/ct1|v:1 s:0 p:00078fff f:0 b:0000000000000000 l:ffffffffffffffff
             |o:0000000080000024 t:000000000003ffff
[0:0] csetaddr        ct1,ct1,a3
    Write c6/ct1|v:1 s:0 p:00078fff f:0 b:0000000000000000 l:ffffffffffffffff
             |o:0000000010000000 t:000000000003ffff
[0:0] csetbounds      ct1,ct1,1
    Write c6/ct1|v:1 s:0 p:00078fff f:0 b:0000000010000000 l:0000000000000001
             |o:0000000000000000 t:000000000003ffff
[0:0] 0x0000000080000030:  f8c3045b          illegal    # sb.cap    a2, 0(ct1)         
    Memory Write [0000000010000000] = 41
[0:0] addi            a4,zero,32
    Write x14/a4 = 0000000000000020
[0:0] 0x0000000080000038:  f8e3045b          illegal   # sb.cap     a4, 0(ct1)      
    Memory Write [0000000010000000] = 20
[0:0] cgettag         a5,ct1
    Write x15/a5 = 0000000000000001
[0:0] addi            a5,a5,48
    Write x15/a5 = 0000000000000031
[0:0] 0x0000000080000044:  f8f3045b          illegal   # sb.cap     a5, 0(ct1)     
    Memory Write [0000000010000000] = 31
riscv_cpu_do_interrupt: hart:0, async:0, cause:0000000000000003, epc:0x0000000080000048, tval:0x0000000000000000, desc=breakpoint
