[0:0] 0x0000000080000000:  01000517          auipc           a0,16777216     # 0x81000000
    Write x10/a0 = 0000000081000000
[0:0] 0x0000000080000004:  00050513          mv              a0,a0
    Write x10/a0 = 0000000081000000
[0:0] 0x0000000080000008:  f14025f3          csrrs           a1,mhartid,zero
    Write x11/a1 = 0000000000000000
[0:0] 0x000000008000000c:  4281              mv              t0,zero
    Write x5/t0 = 0000000000000000
[0:0] 0x000000008000000e:  00558363          beq             a1,t0,6         # 0x80000014
[0:0] 0x0000000080000014:  020002db          cspecialrw      ct0,scr0,cnull
    Write c5/ct0|v:1 s:0 p:00078fff f:0 b:0000000000000000 l:ffffffffffffffff
             |o:0000000080000014 t:000000000003ffff
[0:0] 0x0000000080000018:  20a282db          csetaddr        ct0,ct0,a0
    Write c5/ct0|v:1 s:0 p:00078fff f:0 b:0000000000000000 l:ffffffffffffffff
             |o:0000000081000000 t:000000000003ffff
[0:0] 0x000000008000001c:  0102a2db          csetbounds      ct0,ct0,16
    Write c5/ct0|v:1 s:0 p:00078fff f:0 b:0000000081000000 l:0000000000000010
             |o:0000000000000000 t:000000000003ffff
[0:0] 0x0000000080000020:  0200035b          cspecialrw      ct1,scr0,cnull
    Write c6/ct1|v:1 s:0 p:00078fff f:0 b:0000000000000000 l:ffffffffffffffff
             |o:0000000080000020 t:000000000003ffff
[0:0] 0x0000000080000024:  0103235b          csetbounds      ct1,ct1,16
    Write c6/ct1|v:1 s:0 p:00078fff f:0 b:0000000080000020 l:0000000000000010
             |o:0000000000000000 t:000000000003ffff
[0:0] 0x0000000080000028:  f862865b          illegal    # sc.cap    ct1, 0(ct0)         
    Cap Memory Write [0000000081000000] = v:1 PESBT:ffff0000040d8024 Cursor:0000000080000020
    Cap Tag Write [0000000081000000/1000000] 0 -> 1
riscv_cpu_do_interrupt: hart:0, async:0, cause:0000000000000003, epc:0x000000008000002c, tval:0x0000000000000000, desc=breakpoint

[1:0] 0x0000000080000000:  01000517          auipc           a0,16777216     # 0x81000000
    Write x10/a0 = 0000000081000000
[1:0] 0x0000000080000004:  00050513          mv              a0,a0
    Write x10/a0 = 0000000081000000
[1:0] 0x0000000080000008:  f14025f3          csrrs           a1,mhartid,zero
    Write x11/a1 = 0000000000000001
[1:0] 0x000000008000000c:  4281              mv              t0,zero
    Write x5/t0 = 0000000000000000
[1:0] 0x000000008000000e:  00558363          beq             a1,t0,6         # 0x80000014
[1:0] 0x0000000080000012:  a831              j               28              # 0x8000002e
[1:0] 0x000000008000002e:  020002db          cspecialrw      ct0,scr0,cnull
    Write c5/ct0|v:1 s:0 p:00078fff f:0 b:0000000000000000 l:ffffffffffffffff
             |o:000000008000002e t:000000000003ffff
[1:0] 0x0000000080000032:  20a282db          csetaddr        ct0,ct0,a0
    Write c5/ct0|v:1 s:0 p:00078fff f:0 b:0000000000000000 l:ffffffffffffffff
             |o:0000000081000000 t:000000000003ffff
[1:0] 0x0000000080000036:  0102a2db          csetbounds      ct0,ct0,16
    Write c5/ct0|v:1 s:0 p:00078fff f:0 b:0000000081000000 l:0000000000000010
             |o:0000000000000000 t:000000000003ffff
[1:0] 0x000000008000003a:  fe43055b          cgettag         a0,ct1
    Write x10/a0 = 0000000000000000
[1:0] 0x000000008000003e:  fbf2835b          illegal    # lc.cap    ct1, 0(ct0)
    Cap Memory Read [0000000081000000] = v:1 PESBT:ffff0000040d8024 Cursor:0000000080000020
    Write c6/ct1|v:1 s:0 p:00078fff f:0 b:0000000080000020 l:0000000000000010
             |o:0000000000000000 t:000000000003ffff
    Cap Tag Read [0000000081000000/1000000] -> 1
[1:0] 0x0000000080000042:  fe4305db          cgettag         a1,ct1
    Write x11/a1 = 0000000000000001
riscv_cpu_do_interrupt: hart:1, async:0, cause:0000000000000003, epc:0x0000000080000046, tval:0x0000000000000000, desc=breakpoint
