[0:0] auipc           a0,16777216     # 0x81000000
    Write x10/a0 = 0000000081000000
[0:0] mv              a0,a0
    Write x10/a0 = 0000000081000000
[0:0] cspecialrw      ct0,scr0,cnull
    Write c5/ct0|v:1 s:0 p:00078fff f:0 b:0000000000000000 l:ffffffffffffffff
             |o:0000000080000008 t:000000000003ffff
[0:0] csetaddr        ct0,ct0,a0
    Write c5/ct0|v:1 s:0 p:00078fff f:0 b:0000000000000000 l:ffffffffffffffff
             |o:0000000081000000 t:000000000003ffff
[0:0] csetbounds      ct0,ct0,16
    Write c5/ct0|v:1 s:0 p:00078fff f:0 b:0000000081000000 l:0000000000000010
             |o:0000000000000000 t:000000000003ffff
[0:0] addi            a1,zero,4
    Write x11/a1 = 0000000000000004
[0:0] csetoffset      ct1,ct0,a1
    Write c6/ct1|v:1 s:0 p:00078fff f:0 b:0000000081000000 l:0000000000000010
             |o:0000000000000004 t:000000000003ffff
[0:0] csetbounds      ct1,ct1,4
    Write c6/ct1|v:1 s:0 p:00078fff f:0 b:0000000081000004 l:0000000000000004
             |o:0000000000000000 t:000000000003ffff
[0:0] sc              ct1,0(t0)
    Cap Memory Write [0000000081000000] = v:1 PESBT:ffff000004038000 Cursor:0000000081000004
    Cap Tag Write [0000000081000000/1000000] 0 -> 1
[0:0] lc              ct2,0(t0)
    Cap Memory Read [0000000081000000] = v:1 PESBT:ffff000004038000 Cursor:0000000081000004
    Write c7/ct2|v:1 s:0 p:00078fff f:0 b:0000000081000004 l:0000000000000004
             |o:0000000000000000 t:000000000003ffff
    Cap Tag Read [0000000081000000/1000000] -> 1
[0:0] cgettag         a0,ct0
    Write x10/a0 = 0000000000000001
[0:0] cgettag         a1,ct1
    Write x11/a1 = 0000000000000001
[0:0] cgettag         a2,ct2
    Write x12/a2 = 0000000000000001
riscv_cpu_do_interrupt: hart:0, async:0, cause:0000000000000003, epc:0x0000000080000032, tval:0x0000000000000000, desc=breakpoint
