[0:0] auipcc          ca0,16777216    # 0x81000000
    Write c10/ca0|v:1 sdp:f m:0 ap:3f cl:0 ct:0 b:0000000000000000 
    a:0000000081000000 t:ffffffffffffffff
[0:0] mv              a0,a0
  x10/a0 <- 0000000081000000 (setting integer value)
[0:0] auipcc          ct0,0           # 0x80000008
    Write c5/ct0|v:1 sdp:f m:0 ap:3f cl:0 ct:0 b:0000000000000000 
    a:0000000080000008 t:ffffffffffffffff
[0:0] scaddr          ct0,ct0,a0
    Write c5/ct0|v:1 sdp:f m:0 ap:3f cl:0 ct:0 b:0000000000000000 
    a:0000000081000000 t:ffffffffffffffff
[0:0] scbdsi          ct0,ct0,1
    Write c5/ct0|v:1 sdp:f m:0 ap:3f cl:0 ct:0 b:0000000081000000 
    a:0000000081000000 t:0000000081000001
[0:0] addi            a1,zero,59
  x11/a1 <- 000000000000003b (setting integer value)
[0:0] acperm          ct0,ct0,a1
    Write c5/ct0|v:1 sdp:0 m:0 ap: 3 cl:0 ct:0 b:0000000081000000 
    a:0000000081000000 t:0000000081000001
[0:0] addi            a2,zero,65
  x12/a2 <- 0000000000000041 (setting integer value)
[0:0] sb              a2,0(ct0)
    Memory Write [0000000081000000] = 41
Got CHERI trap Permission Violation type Data Violation, caused by register 5
riscv_cpu_do_interrupt: hart:0, async:0, cause:000000000000001c, epc:0x0000000080000024, tval:0x0000000081000000, desc=cheri_fault
