[0:0] auipcc          ct0,0           # 0x1000
    Write c5/ct0|v:1 sdp:f m:0 ap:3f cl:0 ct:0 b:0000000000000000 
    a:0000000000001000 t:ffffffffffffffff
[0:0] caddi           ca2,ct0,0
    Write c12/ca2|v:1 sdp:f m:0 ap:3f cl:0 ct:0 b:0000000000000000 
    a:0000000000001000 t:ffffffffffffffff
[0:0] csrrs           a0,mhartid,zero
  x10/a0 <- 0000000000000000 (setting integer value)
[0:0] cld             a1,40(ct0)
    Memory Read [0000000000001028] = 00000000bf000000
  x11/a1 <- 00000000bf000000 (setting integer value)
[0:0] scaddr          ca1,ct0,a1
    Write c11/ca1|v:1 sdp:f m:0 ap:3f cl:0 ct:0 b:0000000000000000 
    a:00000000bf000000 t:ffffffffffffffff
[0:0] cld             t2,32(ct0)
    Memory Read [0000000000001020] = 0000000080000000
  x7/t2 <- 0000000080000000 (setting integer value)
[0:0] scaddr          ct0,ct0,t2
    Write c5/ct0|v:1 sdp:f m:0 ap:3f cl:0 ct:0 b:0000000000000000 
    a:0000000080000000 t:ffffffffffffffff
[0:0] jr              t0