[0:0] auipcc          ca0,16777216    # 0x81000000
    Write c10/ca0|v:1 sdp:f m:0 ap:3f cl:0 ct:0 b:0000000000000000 
    a:0000000081000000 t:ffffffffffffffff
[0:0] mv              a0,a0
  x10/a0 <- 0000000081000000 (setting integer value)
[0:0] auipcc          ct0,0           # 0x80000008
    Write c5/ct0|v:1 sdp:f m:0 ap:3f cl:0 ct:0 b:0000000000000000 
    a:0000000080000008 t:ffffffffffffffff
[0:0] scaddr          ct0,ct0,a0
    Write c5/ct0|v:1 sdp:f m:0 ap:3f cl:0 ct:0 b:0000000000000000 
    a:0000000081000000 t:ffffffffffffffff
[0:0] scbdsi          ct0,ct0,16
    Write c5/ct0|v:1 sdp:f m:0 ap:3f cl:0 ct:0 b:0000000081000000 
    a:0000000081000000 t:0000000081000010
[0:0] cadd            ct1,ct0,zero
    Write c6/ct1|v:1 sdp:f m:0 ap:3f cl:0 ct:0 b:0000000081000000 
    a:0000000081000000 t:0000000081000010
[0:0] csc             ct1,0(ct0)
    Cap Memory Write [0000000081000000] = v:1 PESBT:01e3f00004040000 Cursor:0000000081000000
    Cap Tag Write [0000000081000000/1000000] 0 -> 1
[0:0] clc             ct2,0(ct0)
    Cap Memory Read [0000000081000000] = v:1 PESBT:01e3f00004040000 Cursor:0000000081000000
    Write c7/ct2|v:1 sdp:f m:0 ap:3f cl:0 ct:0 b:0000000081000000 
    a:0000000081000000 t:0000000081000010
    Cap Tag Read [0000000081000000/1000000] -> 1
[0:0] gctag           a0,ct0
  x10/a0 <- 0000000000000001 (setting integer value)
[0:0] gctag           a1,ct1
  x11/a1 <- 0000000000000001 (setting integer value)
[0:0] gctag           a2,ct2
  x12/a2 <- 0000000000000001 (setting integer value)
riscv_cpu_do_interrupt: hart:0, async:0, cause:0000000000000003, epc:0x000000008000002c, tval:0x0000000000000000, desc=breakpoint
