[0:0] Requested instruction logging @ 80000000 
[0:0] 0x80000000:  810002b7          lui             t0,-520192
  x5/t0 <- 81000000 (setting integer value)
[0:0] 0x80000004:  00028293          mv              t0,t0
  x5/t0 <- 81000000 (setting integer value)
[0:0] 0x80000008:  00000317          auipcc          ct1,0           # 0x80000008
    Write c6/ct1|v:1 sdp:3 m:0 ap:3f cl:0 ct:0 b:00000000 a:80000008 t:ffffffff
[0:0] 0x8000000c:  0c531333          scaddr          ct1,ct1,t0
    Write c6/ct1|v:1 sdp:3 m:0 ap:3f cl:0 ct:0 b:00000000 a:81000000 t:ffffffff
[0:0] 0x80000010:  04835313          scbdsi          ct1,ct1,8
    Write c6/ct1|v:1 sdp:3 m:0 ap:3f cl:0 ct:0 b:81000000 a:81000000 t:81000008
[0:0] 0x80000014:  04100293          addi            t0,zero,65
  x5/t0 <- 00000041 (setting integer value)
[0:0] 0x80000018:  00530023          sb              t0,0(ct1)
    Memory Write [81000000] = 41
[0:0] 0x8000001c:  00400293          addi            t0,zero,4
  x5/t0 <- 00000004 (setting integer value)
[0:0] 0x80000020:  0c532333          acperm          ct1,ct1,t0
    Write c6/ct1|v:1 sdp:0 m:0 ap: 0 cl:0 ct:0 b:81000000 a:81000000 t:81000008
Got CHERI trap Permission Violation type Data Violation, caused by register 6