[0:0] Requested instruction logging @ 80000000 
[0:0] 0x80000000:  f1402573          csrrs           a0,mhartid,zero
  x10/a0 <- 00000000 (setting integer value)
[0:0] 0x80000004:  00000293          mv              t0,zero
  x5/t0 <- 00000000 (setting integer value)
[0:0] 0x80000008:  00550463          beq             a0,t0,8         # 0x80000010
[1:0] Requested instruction logging @ 00001000 
[1:0] 0x00001000:  00000297          auipcc          ct0,0           # 0x1000
    Write c5/ct0|v:1 sdp:3 m:0 ap:3f cl:0 ct:0 b:00000000 a:00001000 t:ffffffff
[1:0] 0x00001004:  0002a61b          caddi           ca2,ct0,0
    Write c12/ca2|v:1 sdp:3 m:0 ap:3f cl:0 ct:0 b:00000000 a:00001000 t:ffffffff
[0:0] 0x80000010:  81000337          lui             t1,-520192
  x6/t1 <- 81000000 (setting integer value)
[0:0] 0x80000014:  00030313          mv              t1,t1
  x6/t1 <- 81000000 (setting integer value)
[0:0] 0x80000018:  00000297          auipcc          ct0,0           # 0x80000018
    Write c5/ct0|v:1 sdp:3 m:0 ap:3f cl:0 ct:0 b:00000000 a:80000018 t:ffffffff
[0:0] 0x8000001c:  0c6292b3          scaddr          ct0,ct0,t1
    Write c5/ct0|v:1 sdp:3 m:0 ap:3f cl:0 ct:0 b:00000000 a:81000000 t:ffffffff
[1:0] 0x00001008:  f1402573          csrrs           a0,mhartid,zero
  x10/a0 <- 00000001 (setting integer value)
[1:0] 0x0000100c:  0202a583          clw             a1,32(ct0)
    Memory Read [00001020] = 80000000
  x11/a1 <- 80000000 (setting integer value)
[1:0] 0x00001010:  0cb295b3          scaddr          ca1,ct0,a1
    Write c11/ca1|v:1 sdp:3 m:0 ap:3f cl:0 ct:0 b:00000000 a:80000000 t:ffffffff
[1:0] 0x00001014:  0182a283          clw             t0,24(ct0)
    Memory Read [00001018] = 0c7292b3
  x5/t0 <- 0c7292b3 (setting integer value)
[1:0] 0x00001018:  0c7292b3          scaddr          ct0,ct0,t2
    Write c5/ct0|v:0 sdp:0 m:0 ap: 0 cl:0 ct:0 b:00000000 a:00000000 t:ffffffff
restore_state_to_opc: Updating pc from TB: 0000100c -> 0000101c
Got CHERI trap Tag Violation type Branch Violation, caused by register 5
riscv_cpu_do_interrupt: hart:1, async:0, cause:0000001c, epc:0x0000101c, tval:0x00000000, desc=cheri_fault
[0:0] 0x80000020:  0622d293          scbdsi          ct0,ct0,32
    Write c5/ct0|v:1 sdp:3 m:0 ap:3f cl:0 ct:0 b:81000000 a:81000000 t:81000020
riscv_cpu_do_interrupt: hart:1, async:0, cause:00000001, epc:0x00000000, tval:0x00000000, desc=fault_fetch
riscv_cpu_do_interrupt: hart:1, async:0, cause:00000001, epc:0x00000000, tval:0x00000000, desc=fault_fetch
riscv_cpu_do_interrupt: hart:1, async:0, cause:00000001, epc:0x00000000, tval:0x00000000, desc=fault_fetch
riscv_cpu_do_interrupt: hart:1, async:0, cause:00000001, epc:0x00000000, tval:0x00000000, desc=fault_fetch
riscv_cpu_do_interrupt: hart:1, async:0, cause:00000001, epc:0x00000000, tval:0x00000000, desc=fault_fetch
riscv_cpu_do_interrupt: hart:1, async:0, cause:00000001, epc:0x00000000, tval:0x00000000, desc=fault_fetch
riscv_cpu_do_interrupt: hart:1, async:0, cause:00000001, epc:0x00000000, tval:0x00000000, desc=fault_fetch
